<?xml version="1.0" encoding="UTF-8"?>
<testsuite xmlns:xsi="http://www.w3.org/2001/XMLSchema-instance" xsi:noNamespaceSchemaLocation="https://maven.apache.org/surefire/maven-surefire-plugin/xsd/surefire-test-report.xsd" name="com.example.iPlant.controller.CommentControllerTest" time="8.964" tests="10" errors="0" skipped="0" failures="0">
  <properties>
[...]
</properties>
  <testcase name="whenValidInput_thenReturns200" classname="com.example.iPlant.controller.CommentControllerTest" time="0.576"/>
  <testcase name="whenEmptyText_thenReturns400" classname="com.example.iPlant.controller.CommentControllerTest" time="0.047"/>
  <testcase name="whenInvalidJson_thenReturns400" classname="com.example.iPlant.controller.CommentControllerTest" time="0.051"/>
  <testcase name="whenServiceThrowsException_thenReturns500" classname="com.example.iPlant.controller.CommentControllerTest" time="0.071"/>
  <testcase name="whenEmptyPlantId_thenReturns400" classname="com.example.iPlant.controller.CommentControllerTest" time="0.035"/>
  <testcase name="whenNullUserId_thenReturns400" classname="com.example.iPlant.controller.CommentControllerTest" time="0.028"/>
  <testcase name="whenEmptyUserId_thenReturns400" classname="com.example.iPlant.controller.CommentControllerTest" time="0.055"/>
  <testcase name="whenNullPlantId_thenReturns400" classname="com.example.iPlant.controller.CommentControllerTest" time="0.022"/>
  <testcase name="whenNullText_thenReturns400" classname="com.example.iPlant.controller.CommentControllerTest" time="0.024"/>
  <testcase name="whenExtraFields_thenIgnoresAndProcessesSuccessfully" classname="com.example.iPlant.controller.CommentControllerTest" time="0.026"/>
</testsuite>