<?xml version="1.0" encoding="UTF-8"?>
<coverage generated="1735404511682" clover="3.2.0">
  <project timestamp="1735404511683" name="All files">
    <metrics statements="217" coveredstatements="140" conditionals="87" coveredconditionals="20" methods="69" coveredmethods="39" elements="373" coveredelements="199" complexity="0" loc="217" ncloc="217" packages="13" files="14" classes="14"/>
    <package name="src">
      <metrics statements="7" coveredstatements="7" conditionals="0" coveredconditionals="0" methods="2" coveredmethods="2"/>
      <file name="App.js" path="/home/ubuntu/Desktop/iPlant-frontend/src/App.js">
        <metrics statements="5" coveredstatements="5" conditionals="0" coveredconditionals="0" methods="2" coveredmethods="2"/>
        <line num="13" count="21" type="stmt"/>
        <line num="14" count="14" type="stmt"/>
        <line num="15" count="14" type="stmt"/>
        <line num="16" count="14" type="stmt"/>
        <line num="19" count="14" type="stmt"/>
      </file>
      <file name="index.js" path="/home/ubuntu/Desktop/iPlant-frontend/src/index.js">
        <metrics statements="2" coveredstatements="2" conditionals="0" coveredconditionals="0" methods="0" coveredmethods="0"/>
        <line num="6" count="7" type="stmt"/>
        <line num="7" count="7" type="stmt"/>
      </file>
    </package>
    <package name="src.Components.Facts">
      <metrics statements="2" coveredstatements="2" conditionals="0" coveredconditionals="0" methods="1" coveredmethods="1"/>
      <file name="Facts.js" path="/home/ubuntu/Desktop/iPlant-frontend/src/Components/Facts/Facts.js">
        <metrics statements="2" coveredstatements="2" conditionals="0" coveredconditionals="0" methods="1" coveredmethods="1"/>
        <line num="3" count="7" type="stmt"/>
        <line num="4" count="2" type="stmt"/>
      </file>
    </package>
    <package name="src.Components.Features">
      <metrics statements="4" coveredstatements="4" conditionals="0" coveredconditionals="0" methods="2" coveredmethods="2"/>
      <file name="Features.js" path="/home/ubuntu/Desktop/iPlant-frontend/src/Components/Features/Features.js">
        <metrics statements="4" coveredstatements="4" conditionals="0" coveredconditionals="0" methods="2" coveredmethods="2"/>
        <line num="3" count="7" type="stmt"/>
        <line num="4" count="4" type="stmt"/>
        <line num="25" count="4" type="stmt"/>
        <line num="40" count="12" type="stmt"/>
      </file>
    </package>
    <package name="src.Components.Footer">
      <metrics statements="2" coveredstatements="2" conditionals="0" coveredconditionals="0" methods="1" coveredmethods="1"/>
      <file name="Footer.js" path="/home/ubuntu/Desktop/iPlant-frontend/src/Components/Footer/Footer.js">
        <metrics statements="2" coveredstatements="2" conditionals="0" coveredconditionals="0" methods="1" coveredmethods="1"/>
        <line num="3" count="7" type="stmt"/>
        <line num="4" count="135" type="stmt"/>
      </file>
    </package>
    <package name="src.Components.HeroSection">
      <metrics statements="1" coveredstatements="1" conditionals="0" coveredconditionals="0" methods="1" coveredmethods="1"/>
      <file name="HeroSection.js" path="/home/ubuntu/Desktop/iPlant-frontend/src/Components/HeroSection/HeroSection.js">
        <metrics statements="1" coveredstatements="1" conditionals="0" coveredconditionals="0" methods="1" coveredmethods="1"/>
        <line num="4" count="2" type="stmt"/>
      </file>
    </package>
    <package name="src.Components.IPlantCard">
      <metrics statements="24" coveredstatements="11" conditionals="7" coveredconditionals="1" methods="6" coveredmethods="3"/>
      <file name="IPlantCard.js" path="/home/ubuntu/Desktop/iPlant-frontend/src/Components/IPlantCard/IPlantCard.js">
        <metrics statements="24" coveredstatements="11" conditionals="7" coveredconditionals="1" methods="6" coveredmethods="3"/>
        <line num="4" count="7" type="cond" truecount="0" falsecount="1"/>
        <line num="5" count="0" type="stmt"/>
        <line num="6" count="0" type="stmt"/>
        <line num="7" count="0" type="cond" truecount="0" falsecount="2"/>
        <line num="10" count="7" type="stmt"/>
        <line num="11" count="2" type="stmt"/>
        <line num="12" count="2" type="stmt"/>
        <line num="13" count="2" type="stmt"/>
        <line num="15" count="2" type="stmt"/>
        <line num="16" count="2" type="stmt"/>
        <line num="17" count="2" type="stmt"/>
        <line num="18" count="2" type="stmt"/>
        <line num="19" count="0" type="stmt"/>
        <line num="20" count="0" type="stmt"/>
        <line num="21" count="0" type="stmt"/>
        <line num="22" count="0" type="stmt"/>
        <line num="24" count="0" type="stmt"/>
        <line num="25" count="0" type="stmt"/>
        <line num="29" count="2" type="stmt"/>
        <line num="32" count="2" type="cond" truecount="1" falsecount="1"/>
        <line num="41" count="0" type="cond" truecount="0" falsecount="2"/>
        <line num="51" count="0" type="stmt"/>
        <line num="65" count="0" type="stmt"/>
        <line num="85" count="0" type="stmt"/>
      </file>
    </package>
    <package name="src.Components.NavBar">
      <metrics statements="20" coveredstatements="13" conditionals="14" coveredconditionals="6" methods="7" coveredmethods="3"/>
      <file name="NavBar.js" path="/home/ubuntu/Desktop/iPlant-frontend/src/Components/NavBar/NavBar.js">
        <metrics statements="20" coveredstatements="13" conditionals="14" coveredconditionals="6" methods="7" coveredmethods="3"/>
        <line num="6" count="132" type="stmt"/>
        <line num="7" count="132" type="stmt"/>
        <line num="8" count="132" type="stmt"/>
        <line num="10" count="132" type="stmt"/>
        <line num="12" count="14" type="stmt"/>
        <line num="13" count="14" type="stmt"/>
        <line num="15" count="14" type="stmt"/>
        <line num="16" count="0" type="cond" truecount="0" falsecount="2"/>
        <line num="17" count="0" type="stmt"/>
        <line num="20" count="14" type="stmt"/>
        <line num="21" count="14" type="stmt"/>
        <line num="24" count="132" type="stmt"/>
        <line num="25" count="0" type="stmt"/>
        <line num="28" count="132" type="stmt"/>
        <line num="30" count="0" type="stmt"/>
        <line num="33" count="132" type="stmt"/>
        <line num="34" count="0" type="stmt"/>
        <line num="35" count="0" type="stmt"/>
        <line num="36" count="0" type="stmt"/>
        <line num="39" count="132" type="stmt"/>
      </file>
    </package>
    <package name="src.Pages.AboutUsPage">
      <metrics statements="9" coveredstatements="8" conditionals="0" coveredconditionals="0" methods="5" coveredmethods="3"/>
      <file name="AboutUsPage.js" path="/home/ubuntu/Desktop/iPlant-frontend/src/Pages/AboutUsPage/AboutUsPage.js">
        <metrics statements="9" coveredstatements="8" conditionals="0" coveredconditionals="0" methods="5" coveredmethods="3"/>
        <line num="7" count="3" type="stmt"/>
        <line num="8" count="2" type="stmt"/>
        <line num="10" count="2" type="stmt"/>
        <line num="11" count="2" type="stmt"/>
        <line num="12" count="0" type="stmt"/>
        <line num="14" count="2" type="stmt"/>
        <line num="15" count="2" type="stmt"/>
        <line num="18" count="2" type="stmt"/>
        <line num="20" count="2" type="stmt"/>
      </file>
    </package>
    <package name="src.Pages.BlogPage">
      <metrics statements="53" coveredstatements="41" conditionals="12" coveredconditionals="8" methods="21" coveredmethods="10"/>
      <file name="BlogPage.js" path="/home/ubuntu/Desktop/iPlant-frontend/src/Pages/BlogPage/BlogPage.js">
        <metrics statements="53" coveredstatements="41" conditionals="12" coveredconditionals="8" methods="21" coveredmethods="10"/>
        <line num="7" count="7" type="stmt"/>
        <line num="8" count="58" type="stmt"/>
        <line num="9" count="56" type="stmt"/>
        <line num="10" count="56" type="stmt"/>
        <line num="11" count="56" type="stmt"/>
        <line num="12" count="56" type="stmt"/>
        <line num="13" count="56" type="stmt"/>
        <line num="14" count="56" type="stmt"/>
        <line num="16" count="56" type="stmt"/>
        <line num="17" count="56" type="stmt"/>
        <line num="25" count="56" type="stmt"/>
        <line num="26" count="4" type="stmt"/>
        <line num="27" count="4" type="stmt"/>
        <line num="28" count="4" type="stmt"/>
        <line num="29" count="4" type="stmt"/>
        <line num="30" count="4" type="stmt"/>
        <line num="31" count="4" type="stmt"/>
        <line num="32" count="4" type="stmt"/>
        <line num="33" count="4" type="stmt"/>
        <line num="35" count="0" type="stmt"/>
        <line num="36" count="0" type="stmt"/>
        <line num="40" count="4" type="stmt"/>
        <line num="44" count="56" type="stmt"/>
        <line num="45" count="16" type="stmt"/>
        <line num="48" count="16" type="cond" truecount="2" falsecount="0"/>
        <line num="49" count="9" type="stmt"/>
        <line num="50" count="216" type="stmt"/>
        <line num="55" count="16" type="cond" truecount="1" falsecount="1"/>
        <line num="56" count="0" type="stmt"/>
        <line num="57" count="0" type="stmt"/>
        <line num="58" count="0" type="stmt"/>
        <line num="63" count="16" type="stmt"/>
        <line num="64" count="16" type="stmt"/>
        <line num="67" count="56" type="stmt"/>
        <line num="68" count="56" type="stmt"/>
        <line num="69" count="56" type="stmt"/>
        <line num="70" count="56" type="stmt"/>
        <line num="72" count="56" type="stmt"/>
        <line num="73" count="0" type="stmt"/>
        <line num="74" count="0" type="cond" truecount="0" falsecount="2"/>
        <line num="75" count="0" type="stmt"/>
        <line num="80" count="56" type="cond" truecount="2" falsecount="0"/>
        <line num="86" count="48" type="cond" truecount="1" falsecount="1"/>
        <line num="92" count="48" type="stmt"/>
        <line num="105" count="9" type="stmt"/>
        <line num="117" count="240" type="stmt"/>
        <line num="122" count="0" type="stmt"/>
        <line num="135" count="432" type="stmt"/>
        <line num="149" count="1296" type="stmt"/>
        <line num="174" count="0" type="stmt"/>
        <line num="182" count="144" type="stmt"/>
        <line num="184" count="0" type="stmt"/>
        <line num="196" count="0" type="stmt"/>
      </file>
    </package>
    <package name="src.Pages.DetailPage">
      <metrics statements="56" coveredstatements="19" conditionals="46" coveredconditionals="1" methods="14" coveredmethods="4"/>
      <file name="DetailPage.js" path="/home/ubuntu/Desktop/iPlant-frontend/src/Pages/DetailPage/DetailPage.js">
        <metrics statements="56" coveredstatements="19" conditionals="46" coveredconditionals="1" methods="14" coveredmethods="4"/>
        <line num="9" count="7" type="stmt"/>
        <line num="10" count="0" type="stmt"/>
        <line num="11" count="0" type="stmt"/>
        <line num="12" count="0" type="stmt"/>
        <line num="14" count="0" type="stmt"/>
        <line num="16" count="0" type="stmt"/>
        <line num="17" count="0" type="stmt"/>
        <line num="18" count="0" type="stmt"/>
        <line num="20" count="0" type="cond" truecount="0" falsecount="2"/>
        <line num="21" count="0" type="stmt"/>
        <line num="22" count="0" type="stmt"/>
        <line num="25" count="0" type="stmt"/>
        <line num="26" count="0" type="stmt"/>
        <line num="28" count="0" type="stmt"/>
        <line num="29" count="0" type="stmt"/>
        <line num="44" count="0" type="cond" truecount="0" falsecount="2"/>
        <line num="45" count="0" type="stmt"/>
        <line num="48" count="0" type="stmt"/>
        <line num="49" count="0" type="stmt"/>
        <line num="51" count="0" type="stmt"/>
        <line num="52" count="0" type="stmt"/>
        <line num="54" count="0" type="stmt"/>
        <line num="58" count="0" type="stmt"/>
        <line num="69" count="0" type="stmt"/>
        <line num="99" count="7" type="stmt"/>
        <line num="100" count="0" type="stmt"/>
        <line num="102" count="0" type="stmt"/>
        <line num="126" count="0" type="cond" truecount="0" falsecount="2"/>
        <line num="137" count="7" type="stmt"/>
        <line num="138" count="2" type="stmt"/>
        <line num="139" count="2" type="stmt"/>
        <line num="140" count="2" type="stmt"/>
        <line num="141" count="2" type="stmt"/>
        <line num="142" count="2" type="stmt"/>
        <line num="143" count="2" type="stmt"/>
        <line num="144" count="2" type="stmt"/>
        <line num="145" count="2" type="stmt"/>
        <line num="146" count="2" type="stmt"/>
        <line num="148" count="2" type="stmt"/>
        <line num="149" count="2" type="stmt"/>
        <line num="150" count="2" type="stmt"/>
        <line num="151" count="2" type="stmt"/>
        <line num="152" count="0" type="stmt"/>
        <line num="153" count="0" type="stmt"/>
        <line num="154" count="0" type="stmt"/>
        <line num="155" count="0" type="stmt"/>
        <line num="157" count="0" type="stmt"/>
        <line num="158" count="0" type="stmt"/>
        <line num="162" count="2" type="stmt"/>
        <line num="165" count="2" type="stmt"/>
        <line num="166" count="0" type="stmt"/>
        <line num="169" count="2" type="cond" truecount="1" falsecount="1"/>
        <line num="175" count="0" type="cond" truecount="0" falsecount="2"/>
        <line num="184" count="0" type="cond" truecount="0" falsecount="2"/>
        <line num="186" count="0" type="stmt"/>
        <line num="246" count="0" type="stmt"/>
      </file>
    </package>
    <package name="src.Pages.HomePage">
      <metrics statements="1" coveredstatements="1" conditionals="0" coveredconditionals="0" methods="1" coveredmethods="1"/>
      <file name="HomePage.js" path="/home/ubuntu/Desktop/iPlant-frontend/src/Pages/HomePage/HomePage.js">
        <metrics statements="1" coveredstatements="1" conditionals="0" coveredconditionals="0" methods="1" coveredmethods="1"/>
        <line num="10" count="3" type="stmt"/>
      </file>
    </package>
    <package name="src.Pages.LoginPage">
      <metrics statements="27" coveredstatements="20" conditionals="8" coveredconditionals="4" methods="5" coveredmethods="5"/>
      <file name="LoginPage.js" path="/home/ubuntu/Desktop/iPlant-frontend/src/Pages/LoginPage/LoginPage.js">
        <metrics statements="27" coveredstatements="20" conditionals="8" coveredconditionals="4" methods="5" coveredmethods="5"/>
        <line num="6" count="7" type="stmt"/>
        <line num="7" count="85" type="stmt"/>
        <line num="8" count="82" type="stmt"/>
        <line num="9" count="82" type="stmt"/>
        <line num="10" count="82" type="stmt"/>
        <line num="11" count="82" type="stmt"/>
        <line num="13" count="82" type="stmt"/>
        <line num="14" count="6" type="stmt"/>
        <line num="15" count="6" type="cond" truecount="1" falsecount="1"/>
        <line num="16" count="0" type="stmt"/>
        <line num="20" count="82" type="stmt"/>
        <line num="21" count="2" type="stmt"/>
        <line num="22" count="2" type="stmt"/>
        <line num="23" count="2" type="stmt"/>
        <line num="25" count="2" type="stmt"/>
        <line num="26" count="2" type="stmt"/>
        <line num="36" count="0" type="stmt"/>
        <line num="37" count="0" type="stmt"/>
        <line num="39" count="0" type="cond" truecount="0" falsecount="2"/>
        <line num="40" count="0" type="stmt"/>
        <line num="43" count="0" type="stmt"/>
        <line num="44" count="0" type="stmt"/>
        <line num="46" count="1" type="stmt"/>
        <line num="48" count="1" type="stmt"/>
        <line num="52" count="82" type="stmt"/>
        <line num="67" count="28" type="stmt"/>
        <line num="79" count="8" type="stmt"/>
      </file>
    </package>
    <package name="src.Utils">
      <metrics statements="11" coveredstatements="11" conditionals="0" coveredconditionals="0" methods="3" coveredmethods="3"/>
      <file name="Utils.js" path="/home/ubuntu/Desktop/iPlant-frontend/src/Utils/Utils.js">
        <metrics statements="11" coveredstatements="11" conditionals="0" coveredconditionals="0" methods="3" coveredmethods="3"/>
        <line num="16" count="7" type="stmt"/>
        <line num="17" count="14" type="stmt"/>
        <line num="18" count="14" type="stmt"/>
        <line num="19" count="14" type="stmt"/>
        <line num="23" count="7" type="stmt"/>
        <line num="24" count="14" type="stmt"/>
        <line num="48" count="7" type="stmt"/>
        <line num="49" count="14" type="stmt"/>
        <line num="55" count="14" type="stmt"/>
        <line num="60" count="14" type="stmt"/>
        <line num="65" count="14" type="stmt"/>
      </file>
    </package>
  </project>
</coverage>
