{"total": {"lines":{"total":217,"covered":140,"skipped":0,"pct":64.51},"statements":{"total":231,"covered":145,"skipped":0,"pct":62.77},"functions":{"total":69,"covered":39,"skipped":0,"pct":56.52},"branches":{"total":87,"covered":20,"skipped":0,"pct":22.98},"branchesTrue":{"total":0,"covered":0,"skipped":0,"pct":100}}
,"/home/ubuntu/Desktop/iPlant-frontend/src/App.js": {"lines":{"total":5,"covered":5,"skipped":0,"pct":100},"functions":{"total":2,"covered":2,"skipped":0,"pct":100},"statements":{"total":5,"covered":5,"skipped":0,"pct":100},"branches":{"total":0,"covered":0,"skipped":0,"pct":100}}
,"/home/ubuntu/Desktop/iPlant-frontend/src/index.js": {"lines":{"total":2,"covered":2,"skipped":0,"pct":100},"functions":{"total":0,"covered":0,"skipped":0,"pct":100},"statements":{"total":2,"covered":2,"skipped":0,"pct":100},"branches":{"total":0,"covered":0,"skipped":0,"pct":100}}
,"/home/ubuntu/Desktop/iPlant-frontend/src/Components/Facts/Facts.js": {"lines":{"total":2,"covered":2,"skipped":0,"pct":100},"functions":{"total":1,"covered":1,"skipped":0,"pct":100},"statements":{"total":2,"covered":2,"skipped":0,"pct":100},"branches":{"total":0,"covered":0,"skipped":0,"pct":100}}
,"/home/ubuntu/Desktop/iPlant-frontend/src/Components/Features/Features.js": {"lines":{"total":4,"covered":4,"skipped":0,"pct":100},"functions":{"total":2,"covered":2,"skipped":0,"pct":100},"statements":{"total":4,"covered":4,"skipped":0,"pct":100},"branches":{"total":0,"covered":0,"skipped":0,"pct":100}}
,"/home/ubuntu/Desktop/iPlant-frontend/src/Components/Footer/Footer.js": {"lines":{"total":2,"covered":2,"skipped":0,"pct":100},"functions":{"total":1,"covered":1,"skipped":0,"pct":100},"statements":{"total":2,"covered":2,"skipped":0,"pct":100},"branches":{"total":0,"covered":0,"skipped":0,"pct":100}}
,"/home/ubuntu/Desktop/iPlant-frontend/src/Components/HeroSection/HeroSection.js": {"lines":{"total":1,"covered":1,"skipped":0,"pct":100},"functions":{"total":1,"covered":1,"skipped":0,"pct":100},"statements":{"total":1,"covered":1,"skipped":0,"pct":100},"branches":{"total":0,"covered":0,"skipped":0,"pct":100}}
,"/home/ubuntu/Desktop/iPlant-frontend/src/Components/IPlantCard/IPlantCard.js": {"lines":{"total":24,"covered":11,"skipped":0,"pct":45.83},"functions":{"total":6,"covered":3,"skipped":0,"pct":50},"statements":{"total":26,"covered":12,"skipped":0,"pct":46.15},"branches":{"total":7,"covered":1,"skipped":0,"pct":14.28}}
,"/home/ubuntu/Desktop/iPlant-frontend/src/Components/NavBar/NavBar.js": {"lines":{"total":20,"covered":13,"skipped":0,"pct":65},"functions":{"total":7,"covered":3,"skipped":0,"pct":42.85},"statements":{"total":21,"covered":14,"skipped":0,"pct":66.66},"branches":{"total":14,"covered":6,"skipped":0,"pct":42.85}}
,"/home/ubuntu/Desktop/iPlant-frontend/src/Pages/AboutUsPage/AboutUsPage.js": {"lines":{"total":9,"covered":8,"skipped":0,"pct":88.88},"functions":{"total":5,"covered":3,"skipped":0,"pct":60},"statements":{"total":11,"covered":9,"skipped":0,"pct":81.81},"branches":{"total":0,"covered":0,"skipped":0,"pct":100}}
,"/home/ubuntu/Desktop/iPlant-frontend/src/Pages/BlogPage/BlogPage.js": {"lines":{"total":53,"covered":41,"skipped":0,"pct":77.35},"functions":{"total":21,"covered":10,"skipped":0,"pct":47.61},"statements":{"total":57,"covered":42,"skipped":0,"pct":73.68},"branches":{"total":12,"covered":8,"skipped":0,"pct":66.66}}
,"/home/ubuntu/Desktop/iPlant-frontend/src/Pages/DetailPage/DetailPage.js": {"lines":{"total":56,"covered":19,"skipped":0,"pct":33.92},"functions":{"total":14,"covered":4,"skipped":0,"pct":28.57},"statements":{"total":61,"covered":20,"skipped":0,"pct":32.78},"branches":{"total":46,"covered":1,"skipped":0,"pct":2.17}}
,"/home/ubuntu/Desktop/iPlant-frontend/src/Pages/HomePage/HomePage.js": {"lines":{"total":1,"covered":1,"skipped":0,"pct":100},"functions":{"total":1,"covered":1,"skipped":0,"pct":100},"statements":{"total":1,"covered":1,"skipped":0,"pct":100},"branches":{"total":0,"covered":0,"skipped":0,"pct":100}}
,"/home/ubuntu/Desktop/iPlant-frontend/src/Pages/LoginPage/LoginPage.js": {"lines":{"total":27,"covered":20,"skipped":0,"pct":74.07},"functions":{"total":5,"covered":5,"skipped":0,"pct":100},"statements":{"total":27,"covered":20,"skipped":0,"pct":74.07},"branches":{"total":8,"covered":4,"skipped":0,"pct":50}}
,"/home/ubuntu/Desktop/iPlant-frontend/src/Utils/Utils.js": {"lines":{"total":11,"covered":11,"skipped":0,"pct":100},"functions":{"total":3,"covered":3,"skipped":0,"pct":100},"statements":{"total":11,"covered":11,"skipped":0,"pct":100},"branches":{"total":0,"covered":0,"skipped":0,"pct":100}}
}
