TN:
SF:src/App.js
FN:11,App
FN:13,(anonymous_1)
FNF:2
FNH:2
FNDA:21,App
FNDA:14,(anonymous_1)
DA:13,21
DA:14,14
DA:15,14
DA:16,14
DA:19,14
LF:5
LH:5
BRF:0
BRH:0
end_of_record
TN:
SF:src/index.js
FNF:0
FNH:0
DA:6,7
DA:7,7
LF:2
LH:2
BRF:0
BRH:0
end_of_record
TN:
SF:src/Components/Facts/Facts.js
FN:3,(anonymous_0)
FNF:1
FNH:1
FNDA:2,(anonymous_0)
DA:3,7
DA:4,2
LF:2
LH:2
BRF:0
BRH:0
end_of_record
TN:
SF:src/Components/Features/Features.js
FN:3,(anonymous_0)
FN:39,(anonymous_1)
FNF:2
FNH:2
FNDA:4,(anonymous_0)
FNDA:12,(anonymous_1)
DA:3,7
DA:4,4
DA:25,4
DA:40,12
LF:4
LH:4
BRF:0
BRH:0
end_of_record
TN:
SF:src/Components/Footer/Footer.js
FN:3,(anonymous_0)
FNF:1
FNH:1
FNDA:135,(anonymous_0)
DA:3,7
DA:4,135
LF:2
LH:2
BRF:0
BRH:0
end_of_record
TN:
SF:src/Components/HeroSection/HeroSection.js
FN:3,HeroSection
FNF:1
FNH:1
FNDA:2,HeroSection
DA:4,2
LF:1
LH:1
BRF:0
BRH:0
end_of_record
TN:
SF:src/Components/IPlantCard/IPlantCard.js
FN:4,(anonymous_0)
FN:10,(anonymous_1)
FN:15,(anonymous_2)
FN:16,(anonymous_3)
FN:64,(anonymous_4)
FN:84,(anonymous_5)
FNF:6
FNH:3
FNDA:0,(anonymous_0)
FNDA:2,(anonymous_1)
FNDA:2,(anonymous_2)
FNDA:2,(anonymous_3)
FNDA:0,(anonymous_4)
FNDA:0,(anonymous_5)
DA:4,7
DA:5,0
DA:6,0
DA:7,0
DA:10,7
DA:11,2
DA:12,2
DA:13,2
DA:15,2
DA:16,2
DA:17,2
DA:18,2
DA:19,0
DA:20,0
DA:21,0
DA:22,0
DA:24,0
DA:25,0
DA:29,2
DA:32,2
DA:41,0
DA:51,0
DA:65,0
DA:85,0
LF:24
LH:11
BRDA:4,0,0,0
BRDA:7,1,0,0
BRDA:7,1,1,0
BRDA:32,2,0,2
BRDA:32,2,1,0
BRDA:41,3,0,0
BRDA:41,3,1,0
BRF:7
BRH:1
end_of_record
TN:
SF:src/Components/NavBar/NavBar.js
FN:5,NavBar
FN:10,(anonymous_1)
FN:15,(anonymous_2)
FN:21,(anonymous_3)
FN:24,(anonymous_4)
FN:28,(anonymous_5)
FN:33,(anonymous_6)
FNF:7
FNH:3
FNDA:132,NavBar
FNDA:14,(anonymous_1)
FNDA:0,(anonymous_2)
FNDA:8,(anonymous_3)
FNDA:0,(anonymous_4)
FNDA:0,(anonymous_5)
FNDA:0,(anonymous_6)
DA:6,132
DA:7,132
DA:8,132
DA:10,132
DA:12,14
DA:13,14
DA:15,14
DA:16,0
DA:17,0
DA:20,14
DA:21,14
DA:24,132
DA:25,0
DA:28,132
DA:30,0
DA:33,132
DA:34,0
DA:35,0
DA:36,0
DA:39,132
LF:20
LH:13
BRDA:16,0,0,0
BRDA:16,0,1,0
BRDA:42,1,0,0
BRDA:42,1,1,132
BRDA:66,2,0,0
BRDA:66,2,1,132
BRDA:81,3,0,0
BRDA:81,3,1,132
BRDA:83,4,0,0
BRDA:83,4,1,132
BRDA:88,5,0,0
BRDA:88,5,1,132
BRDA:92,6,0,0
BRDA:92,6,1,132
BRF:14
BRH:6
end_of_record
TN:
SF:src/Pages/AboutUsPage/AboutUsPage.js
FN:6,AboutUsPage
FN:10,(anonymous_1)
FN:11,(anonymous_2)
FN:15,(anonymous_3)
FN:18,(anonymous_4)
FNF:5
FNH:3
FNDA:3,AboutUsPage
FNDA:2,(anonymous_1)
FNDA:0,(anonymous_2)
FNDA:1,(anonymous_3)
FNDA:0,(anonymous_4)
DA:7,3
DA:8,2
DA:10,2
DA:11,2
DA:12,0
DA:14,2
DA:15,2
DA:18,2
DA:20,2
LF:9
LH:8
BRF:0
BRH:0
end_of_record
TN:
SF:src/Pages/BlogPage/BlogPage.js
FN:7,(anonymous_0)
FN:25,(anonymous_1)
FN:26,(anonymous_2)
FN:44,(anonymous_3)
FN:49,(anonymous_4)
FN:56,(anonymous_5)
FN:57,(anonymous_6)
FN:72,(anonymous_7)
FN:73,(anonymous_8)
FN:75,(anonymous_9)
FN:105,(anonymous_10)
FN:116,(anonymous_11)
FN:122,(anonymous_12)
FN:134,(anonymous_13)
FN:148,(anonymous_14)
FN:174,(anonymous_15)
FN:174,(anonymous_16)
FN:181,(anonymous_17)
FN:184,(anonymous_18)
FN:196,(anonymous_19)
FN:196,(anonymous_20)
FNF:21
FNH:10
FNDA:58,(anonymous_0)
FNDA:4,(anonymous_1)
FNDA:4,(anonymous_2)
FNDA:16,(anonymous_3)
FNDA:216,(anonymous_4)
FNDA:0,(anonymous_5)
FNDA:0,(anonymous_6)
FNDA:0,(anonymous_7)
FNDA:0,(anonymous_8)
FNDA:0,(anonymous_9)
FNDA:9,(anonymous_10)
FNDA:240,(anonymous_11)
FNDA:0,(anonymous_12)
FNDA:432,(anonymous_13)
FNDA:1296,(anonymous_14)
FNDA:0,(anonymous_15)
FNDA:0,(anonymous_16)
FNDA:144,(anonymous_17)
FNDA:0,(anonymous_18)
FNDA:0,(anonymous_19)
FNDA:0,(anonymous_20)
DA:7,7
DA:8,58
DA:9,56
DA:10,56
DA:11,56
DA:12,56
DA:13,56
DA:14,56
DA:16,56
DA:17,56
DA:25,56
DA:26,4
DA:27,4
DA:28,4
DA:29,4
DA:30,4
DA:31,4
DA:32,4
DA:33,4
DA:35,0
DA:36,0
DA:40,4
DA:44,56
DA:45,16
DA:48,16
DA:49,9
DA:50,216
DA:55,16
DA:56,0
DA:57,0
DA:58,0
DA:63,16
DA:64,16
DA:67,56
DA:68,56
DA:69,56
DA:70,56
DA:72,56
DA:73,0
DA:74,0
DA:75,0
DA:80,56
DA:86,48
DA:92,48
DA:105,9
DA:117,240
DA:122,0
DA:135,432
DA:149,1296
DA:174,0
DA:182,144
DA:184,0
DA:196,0
LF:53
LH:41
BRDA:48,0,0,9
BRDA:48,0,1,7
BRDA:55,1,0,0
BRDA:55,1,1,16
BRDA:74,2,0,0
BRDA:74,2,1,0
BRDA:80,3,0,8
BRDA:80,3,1,48
BRDA:86,4,0,0
BRDA:86,4,1,48
BRDA:186,5,0,48
BRDA:186,5,1,96
BRF:12
BRH:8
end_of_record
TN:
SF:src/Pages/DetailPage/DetailPage.js
FN:9,(anonymous_0)
FN:16,(anonymous_1)
FN:69,(anonymous_2)
FN:99,(anonymous_3)
FN:101,(anonymous_4)
FN:125,(anonymous_5)
FN:137,(anonymous_6)
FN:144,(anonymous_7)
FN:148,(anonymous_8)
FN:149,(anonymous_9)
FN:153,(anonymous_10)
FN:165,(anonymous_11)
FN:166,(anonymous_12)
FN:245,(anonymous_13)
FNF:14
FNH:4
FNDA:0,(anonymous_0)
FNDA:0,(anonymous_1)
FNDA:0,(anonymous_2)
FNDA:0,(anonymous_3)
FNDA:0,(anonymous_4)
FNDA:0,(anonymous_5)
FNDA:2,(anonymous_6)
FNDA:2,(anonymous_7)
FNDA:2,(anonymous_8)
FNDA:2,(anonymous_9)
FNDA:0,(anonymous_10)
FNDA:0,(anonymous_11)
FNDA:0,(anonymous_12)
FNDA:0,(anonymous_13)
DA:9,7
DA:10,0
DA:11,0
DA:12,0
DA:14,0
DA:16,0
DA:17,0
DA:18,0
DA:20,0
DA:21,0
DA:22,0
DA:25,0
DA:26,0
DA:28,0
DA:29,0
DA:44,0
DA:45,0
DA:48,0
DA:49,0
DA:51,0
DA:52,0
DA:54,0
DA:58,0
DA:69,0
DA:99,7
DA:100,0
DA:102,0
DA:126,0
DA:137,7
DA:138,2
DA:139,2
DA:140,2
DA:141,2
DA:142,2
DA:143,2
DA:144,2
DA:145,2
DA:146,2
DA:148,2
DA:149,2
DA:150,2
DA:151,2
DA:152,0
DA:153,0
DA:154,0
DA:155,0
DA:157,0
DA:158,0
DA:162,2
DA:165,2
DA:166,0
DA:169,2
DA:175,0
DA:184,0
DA:186,0
DA:246,0
LF:56
LH:19
BRDA:20,0,0,0
BRDA:20,0,1,0
BRDA:44,1,0,0
BRDA:44,1,1,0
BRDA:60,2,0,0
BRDA:60,2,1,0
BRDA:79,3,0,0
BRDA:79,3,1,0
BRDA:106,4,0,0
BRDA:106,4,1,0
BRDA:125,5,0,0
BRDA:125,5,1,0
BRDA:126,6,0,0
BRDA:126,6,1,0
BRDA:169,7,0,2
BRDA:169,7,1,0
BRDA:175,8,0,0
BRDA:175,8,1,0
BRDA:184,9,0,0
BRDA:184,9,1,0
BRDA:206,10,0,0
BRDA:206,10,1,0
BRDA:207,11,0,0
BRDA:207,11,1,0
BRDA:214,12,0,0
BRDA:214,12,1,0
BRDA:215,13,0,0
BRDA:215,13,1,0
BRDA:227,14,0,0
BRDA:227,14,1,0
BRDA:241,15,0,0
BRDA:241,15,1,0
BRDA:241,16,0,0
BRDA:241,16,1,0
BRDA:249,17,0,0
BRDA:249,17,1,0
BRDA:250,18,0,0
BRDA:250,18,1,0
BRDA:250,19,0,0
BRDA:250,19,1,0
BRDA:256,20,0,0
BRDA:256,20,1,0
BRDA:256,21,0,0
BRDA:256,21,1,0
BRDA:259,22,0,0
BRDA:259,22,1,0
BRF:46
BRH:1
end_of_record
TN:
SF:src/Pages/HomePage/HomePage.js
FN:9,HomePage
FNF:1
FNH:1
FNDA:3,HomePage
DA:10,3
LF:1
LH:1
BRF:0
BRH:0
end_of_record
TN:
SF:src/Pages/LoginPage/LoginPage.js
FN:6,(anonymous_0)
FN:13,(anonymous_1)
FN:20,(anonymous_2)
FN:67,(anonymous_3)
FN:79,(anonymous_4)
FNF:5
FNH:5
FNDA:85,(anonymous_0)
FNDA:6,(anonymous_1)
FNDA:2,(anonymous_2)
FNDA:28,(anonymous_3)
FNDA:8,(anonymous_4)
DA:6,7
DA:7,85
DA:8,82
DA:9,82
DA:10,82
DA:11,82
DA:13,82
DA:14,6
DA:15,6
DA:16,0
DA:20,82
DA:21,2
DA:22,2
DA:23,2
DA:25,2
DA:26,2
DA:36,0
DA:37,0
DA:39,0
DA:40,0
DA:43,0
DA:44,0
DA:46,1
DA:48,1
DA:52,82
DA:67,28
DA:79,8
LF:27
LH:20
BRDA:15,0,0,0
BRDA:15,0,1,6
BRDA:39,1,0,0
BRDA:39,1,1,0
BRDA:58,2,0,82
BRDA:58,2,1,0
BRDA:89,3,0,4
BRDA:89,3,1,78
BRF:8
BRH:4
end_of_record
TN:
SF:src/Utils/Utils.js
FN:16,(anonymous_0)
FN:23,(anonymous_1)
FN:48,(anonymous_2)
FNF:3
FNH:3
FNDA:14,(anonymous_0)
FNDA:14,(anonymous_1)
FNDA:14,(anonymous_2)
DA:16,7
DA:17,14
DA:18,14
DA:19,14
DA:23,7
DA:24,14
DA:48,7
DA:49,14
DA:55,14
DA:60,14
DA:65,14
LF:11
LH:11
BRF:0
BRH:0
end_of_record
